0 info it worked if it ends with ok
1 verbose cli [ '/usr/bin/nodejs', '/usr/bin/npm', 'start' ]
2 info using npm@1.4.21
3 info using node@v4.8.2
4 error Failed to parse json
4 error Unexpected token /
5 error File: /home/pi/c9sdk/workspace/JohnBot2/package.json
6 error Failed to parse package.json data.
6 error package.json must be actual JSON, not just JavaScript.
6 error
6 error This is not a bug in npm.
6 error Tell the package author to fix their package.json file. JSON.parse
7 error System Linux 4.9.41-v7+
8 error command "/usr/bin/nodejs" "/usr/bin/npm" "start"
9 error cwd /home/pi/c9sdk/workspace/JohnBot2
10 error node -v v4.8.2
11 error npm -v 1.4.21
12 error file /home/pi/c9sdk/workspace/JohnBot2/package.json
13 error code EJSONPARSE
14 verbose exit [ 1, true ]
